<?xml version="1.0" encoding="UTF-8"?>
<!-- Generated by org.testng.reporters.JUnitReportReporter -->
<testsuite hostname="NewazHaque" failures="0" tests="1" name="testNG_demo.testNG_demo" time="8.882" errors="0" timestamp="2023-01-08T10:53:21 EST" skipped="0">
  <testcase classname="testNG_demo.testNG_demo" name="murad" time="8.882"/>
  <system-out/>
</testsuite> <!-- testNG_demo.testNG_demo -->
