<?xml version="1.0" encoding="UTF-8"?>
<!-- Generated by org.testng.reporters.JUnitReportReporter -->
<testsuite hostname="NewazHaque" failures="0" tests="1" name="testNG_demo.verify_cart" time="13.079" errors="0" timestamp="2023-01-08T10:34:22 EST" skipped="0">
  <testcase classname="testNG_demo.verify_cart" name="test1" time="13.079"/>
  <system-out/>
</testsuite> <!-- testNG_demo.verify_cart -->
